Pertemuan10/MaterialMeResourceCC/app/build/intermediates/manifest_merge_blame_file/debug/manifest-merger-blame-debug-report.txt
1<?xml version="1.0" encoding="utf-8"?>
2<manifest xmlns:android="http://schemas.android.com/apk/res/android"
3    package="me.mahakagg.MaterialMeResourceCC"
4    android:versionCode="1"
5    android:versionName="1.0" >
6
7    <uses-sdk
8        android:minSdkVersion="21"
8-->src\main\AndroidManifest.xml
9        android:targetSdkVersion="28" />
9-->src\main\AndroidManifest.xml
10
11    <application
11-->src\main\AndroidManifest.xml:5:5-28:19
12        android:allowBackup="true"
12-->src\main\AndroidManifest.xml:6:9-35
13        android:debuggable="true"
14        android:icon="@mipmap/ic_launcher"
14-->src\main\AndroidManifest.xml:7:9-43
15        android:label="@string/app_name"
15-->src\main\AndroidManifest.xml:8:9-41
16        android:roundIcon="@mipmap/ic_launcher_round"
16-->src\main\AndroidManifest.xml:9:9-54
17        android:supportsRtl="true"
17-->src\main\AndroidManifest.xml:10:9-35
18        android:testOnly="true"
19        android:theme="@style/AppTheme" >
19-->src\main\AndroidManifest.xml:11:9-40
20        <activity
20-->src\main\AndroidManifest.xml:12:9-20:20
21            android:name="me.mahakagg.MaterialMeResourceCC.MainActivity"
21-->src\main\AndroidManifest.xml:12:19-79
22            android:launchMode="singleTop" >
22-->src\main\AndroidManifest.xml:13:13-43
23            <intent-filter>
23-->src\main\AndroidManifest.xml:15:13-19:29
24                <action android:name="android.intent.action.MAIN" />
24-->src\main\AndroidManifest.xml:16:17-69
24-->src\main\AndroidManifest.xml:16:25-66
25
26                <category android:name="android.intent.category.LAUNCHER" />
26-->src\main\AndroidManifest.xml:18:17-77
26-->src\main\AndroidManifest.xml:18:27-74
27            </intent-filter>
28        </activity>
29        <activity
29-->src\main\AndroidManifest.xml:21:9-27:20
30            android:name="me.mahakagg.MaterialMeResourceCC.DetailActivity"
30-->src\main\AndroidManifest.xml:21:19-81
31            android:launchMode="singleTop"
31-->src\main\AndroidManifest.xml:22:13-43
32            android:parentActivityName="me.mahakagg.MaterialMeResourceCC.MainActivity" >
32-->src\main\AndroidManifest.xml:23:13-87
33            <meta-data
33-->src\main\AndroidManifest.xml:24:13-26:80
34                android:name="android.support.PARENT_ACTIVITY"
34-->src\main\AndroidManifest.xml:25:17-63
35                android:value="me.mahakagg.MaterialMeResourceCC.MainActivity" />
35-->src\main\AndroidManifest.xml:26:17-78
36        </activity>
37    </application>
38
39</manifest>